# JRE version: Java(TM) SE Runtime Environment (8.0_231-b11) (build 1.8.0_231-b11)
# Java VM: Java HotSpot(TM) 64-Bit Server VM (25.231-b11 mixed mode windows-amd64 compressed oops)
Heap:
 PSYoungGen      total 102400K, used 1824K [0x00000000f5580000, 0x00000000fc480000, 0x0000000100000000)
  eden space 94208K, 1% used [0x00000000f5580000,0x00000000f57480e8,0x00000000fb180000)
  from space 8192K, 0% used [0x00000000fb480000,0x00000000fb480000,0x00000000fbc80000)
  to   space 7680K, 0% used [0x00000000fbd00000,0x00000000fbd00000,0x00000000fc480000)
 ParOldGen       total 81408K, used 10520K [0x00000000e0000000, 0x00000000e4f80000, 0x00000000f5580000)
  object space 81408K, 12% used [0x00000000e0000000,0x00000000e0a46030,0x00000000e4f80000)
 Metaspace       used 34230K, capacity 35390K, committed 35712K, reserved 1079296K
  class space    used 4860K, capacity 5175K, committed 5248K, reserved 1048576K
GC Heap History (10 events):
Event: 2.839 GC heap before
{Heap before GC invocations=5 (full 1):
 PSYoungGen      total 70656K, used 5095K [0x00000000f5580000, 0x00000000f9f80000, 0x0000000100000000)
  eden space 65536K, 0% used [0x00000000f5580000,0x00000000f5580000,0x00000000f9580000)
  from space 5120K, 99% used [0x00000000f9a80000,0x00000000f9f79cc0,0x00000000f9f80000)
  to   space 5120K, 0% used [0x00000000f9580000,0x00000000f9580000,0x00000000f9a80000)
 ParOldGen       total 86016K, used 6535K [0x00000000e0000000, 0x00000000e5400000, 0x00000000f5580000)
  object space 86016K, 7% used [0x00000000e0000000,0x00000000e0661ed0,0x00000000e5400000)
 Metaspace       used 20646K, capacity 21210K, committed 21296K, reserved 1067008K
  class space    used 2721K, capacity 2897K, committed 2944K, reserved 1048576K
Event: 2.870 GC heap after
Heap after GC invocations=5 (full 1):
 PSYoungGen      total 70656K, used 0K [0x00000000f5580000, 0x00000000f9f80000, 0x0000000100000000)
  eden space 65536K, 0% used [0x00000000f5580000,0x00000000f5580000,0x00000000f9580000)
  from space 5120K, 0% used [0x00000000f9a80000,0x00000000f9a80000,0x00000000f9f80000)
  to   space 5120K, 0% used [0x00000000f9580000,0x00000000f9580000,0x00000000f9a80000)
 ParOldGen       total 58368K, used 7307K [0x00000000e0000000, 0x00000000e3900000, 0x00000000f5580000)
  object space 58368K, 12% used [0x00000000e0000000,0x00000000e0722fa8,0x00000000e3900000)
 Metaspace       used 20646K, capacity 21210K, committed 21296K, reserved 1067008K
  class space    used 2721K, capacity 2897K, committed 2944K, reserved 1048576K
}
Event: 4.336 GC heap before
{Heap before GC invocations=6 (full 1):
 PSYoungGen      total 70656K, used 65536K [0x00000000f5580000, 0x00000000f9f80000, 0x0000000100000000)
  eden space 65536K, 100% used [0x00000000f5580000,0x00000000f9580000,0x00000000f9580000)
  from space 5120K, 0% used [0x00000000f9a80000,0x00000000f9a80000,0x00000000f9f80000)
  to   space 5120K, 0% used [0x00000000f9580000,0x00000000f9580000,0x00000000f9a80000)
 ParOldGen       total 58368K, used 7307K [0x00000000e0000000, 0x00000000e3900000, 0x00000000f5580000)
  object space 58368K, 12% used [0x00000000e0000000,0x00000000e0722fa8,0x00000000e3900000)
 Metaspace       used 26509K, capacity 27134K, committed 27264K, reserved 1073152K
  class space    used 3732K, capacity 3923K, committed 3968K, reserved 1048576K
Event: 4.343 GC heap after
Heap after GC invocations=6 (full 1):
 PSYoungGen      total 70656K, used 5101K [0x00000000f5580000, 0x00000000fc480000, 0x0000000100000000)
  eden space 65536K, 0% used [0x00000000f5580000,0x00000000f5580000,0x00000000f9580000)
  from space 5120K, 99% used [0x00000000f9580000,0x00000000f9a7b550,0x00000000f9a80000)
  to   space 7680K, 0% used [0x00000000fbd00000,0x00000000fbd00000,0x00000000fc480000)
 ParOldGen       total 58368K, used 8861K [0x00000000e0000000, 0x00000000e3900000, 0x00000000f5580000)
  object space 58368K, 15% used [0x00000000e0000000,0x00000000e08a7588,0x00000000e3900000)
 Metaspace       used 26509K, capacity 27134K, committed 27264K, reserved 1073152K
  class space    used 3732K, capacity 3923K, committed 3968K, reserved 1048576K
}
Event: 32.374 GC heap before
{Heap before GC invocations=7 (full 1):
 PSYoungGen      total 70656K, used 70637K [0x00000000f5580000, 0x00000000fc480000, 0x0000000100000000)
  eden space 65536K, 100% used [0x00000000f5580000,0x00000000f9580000,0x00000000f9580000)
  from space 5120K, 99% used [0x00000000f9580000,0x00000000f9a7b550,0x00000000f9a80000)
  to   space 7680K, 0% used [0x00000000fbd00000,0x00000000fbd00000,0x00000000fc480000)
 ParOldGen       total 58368K, used 8861K [0x00000000e0000000, 0x00000000e3900000, 0x00000000f5580000)
  object space 58368K, 15% used [0x00000000e0000000,0x00000000e08a7588,0x00000000e3900000)
 Metaspace       used 32479K, capacity 33646K, committed 33920K, reserved 1079296K
  class space    used 4586K, capacity 4897K, committed 4992K, reserved 1048576K
Event: 32.385 GC heap after
Heap after GC invocations=7 (full 1):
 PSYoungGen      total 101888K, used 7498K [0x00000000f5580000, 0x00000000fc480000, 0x0000000100000000)
  eden space 94208K, 0% used [0x00000000f5580000,0x00000000f5580000,0x00000000fb180000)
  from space 7680K, 97% used [0x00000000fbd00000,0x00000000fc4529c0,0x00000000fc480000)
  to   space 8192K, 0% used [0x00000000fb480000,0x00000000fb480000,0x00000000fbc80000)
 ParOldGen       total 58368K, used 8869K [0x00000000e0000000, 0x00000000e3900000, 0x00000000f5580000)
  object space 58368K, 15% used [0x00000000e0000000,0x00000000e08a9588,0x00000000e3900000)
 Metaspace       used 32479K, capacity 33646K, committed 33920K, reserved 1079296K
  class space    used 4586K, capacity 4897K, committed 4992K, reserved 1048576K
}
Event: 33.058 GC heap before
{Heap before GC invocations=8 (full 1):
 PSYoungGen      total 101888K, used 52027K [0x00000000f5580000, 0x00000000fc480000, 0x0000000100000000)
  eden space 94208K, 47% used [0x00000000f5580000,0x00000000f80fc4e8,0x00000000fb180000)
  from space 7680K, 97% used [0x00000000fbd00000,0x00000000fc4529c0,0x00000000fc480000)
  to   space 8192K, 0% used [0x00000000fb480000,0x00000000fb480000,0x00000000fbc80000)
 ParOldGen       total 58368K, used 8869K [0x00000000e0000000, 0x00000000e3900000, 0x00000000f5580000)
  object space 58368K, 15% used [0x00000000e0000000,0x00000000e08a9588,0x00000000e3900000)
 Metaspace       used 34135K, capacity 35294K, committed 35456K, reserved 1079296K
  class space    used 4822K, capacity 5143K, committed 5248K, reserved 1048576K
Event: 33.067 GC heap after
Heap after GC invocations=8 (full 1):
 PSYoungGen      total 102400K, used 5638K [0x00000000f5580000, 0x00000000fc480000, 0x0000000100000000)
  eden space 94208K, 0% used [0x00000000f5580000,0x00000000f5580000,0x00000000fb180000)
  from space 8192K, 68% used [0x00000000fb480000,0x00000000fba01b20,0x00000000fbc80000)
  to   space 7680K, 0% used [0x00000000fbd00000,0x00000000fbd00000,0x00000000fc480000)
 ParOldGen       total 58368K, used 8877K [0x00000000e0000000, 0x00000000e3900000, 0x00000000f5580000)
  object space 58368K, 15% used [0x00000000e0000000,0x00000000e08ab588,0x00000000e3900000)
 Metaspace       used 34135K, capacity 35294K, committed 35456K, reserved 1079296K
  class space    used 4822K, capacity 5143K, committed 5248K, reserved 1048576K
}
Event: 33.067 GC heap before
{Heap before GC invocations=9 (full 2):
 PSYoungGen      total 102400K, used 5638K [0x00000000f5580000, 0x00000000fc480000, 0x0000000100000000)
  eden space 94208K, 0% used [0x00000000f5580000,0x00000000f5580000,0x00000000fb180000)
  from space 8192K, 68% used [0x00000000fb480000,0x00000000fba01b20,0x00000000fbc80000)
  to   space 7680K, 0% used [0x00000000fbd00000,0x00000000fbd00000,0x00000000fc480000)
 ParOldGen       total 58368K, used 8877K [0x00000000e0000000, 0x00000000e3900000, 0x00000000f5580000)
  object space 58368K, 15% used [0x00000000e0000000,0x00000000e08ab588,0x00000000e3900000)
 Metaspace       used 34135K, capacity 35294K, committed 35456K, reserved 1079296K
  class space    used 4822K, capacity 5143K, committed 5248K, reserved 1048576K
Event: 33.124 GC heap after
Heap after GC invocations=9 (full 2):
 PSYoungGen      total 102400K, used 0K [0x00000000f5580000, 0x00000000fc480000, 0x0000000100000000)
  eden space 94208K, 0% used [0x00000000f5580000,0x00000000f5580000,0x00000000fb180000)
  from space 8192K, 0% used [0x00000000fb480000,0x00000000fb480000,0x00000000fbc80000)
  to   space 7680K, 0% used [0x00000000fbd00000,0x00000000fbd00000,0x00000000fc480000)
 ParOldGen       total 81408K, used 10520K [0x00000000e0000000, 0x00000000e4f80000, 0x00000000f5580000)
  object space 81408K, 12% used [0x00000000e0000000,0x00000000e0a46030,0x00000000e4f80000)
 Metaspace       used 34135K, capacity 35294K, committed 35456K, reserved 1079296K
  class space    used 4822K, capacity 5143K, committed 5248K, reserved 1048576K
}

