# JRE version: Java(TM) SE Runtime Environment (8.0_231-b11) (build 1.8.0_231-b11)
# Java VM: Java HotSpot(TM) 64-Bit Server VM (25.231-b11 mixed mode windows-amd64 compressed oops)
Heap:
 PSYoungGen      total 37888K, used 9390K [0x00000000f5580000, 0x00000000f9680000, 0x0000000100000000)
  eden space 32768K, 17% used [0x00000000f5580000,0x00000000f5b1c168,0x00000000f7580000)
  from space 5120K, 71% used [0x00000000f7580000,0x00000000f790f7c8,0x00000000f7a80000)
  to   space 8704K, 0% used [0x00000000f8e00000,0x00000000f8e00000,0x00000000f9680000)
 ParOldGen       total 58880K, used 7349K [0x00000000e0000000, 0x00000000e3980000, 0x00000000f5580000)
  object space 58880K, 12% used [0x00000000e0000000,0x00000000e072d638,0x00000000e3980000)
 Metaspace       used 24216K, capacity 24768K, committed 24832K, reserved 1071104K
  class space    used 3400K, capacity 3570K, committed 3584K, reserved 1048576K
GC Heap History (10 events):
Event: 1.856 GC heap before
{Heap before GC invocations=2 (full 0):
 PSYoungGen      total 37888K, used 37881K [0x00000000f5580000, 0x00000000f7f80000, 0x0000000100000000)
  eden space 32768K, 100% used [0x00000000f5580000,0x00000000f7580000,0x00000000f7580000)
  from space 5120K, 99% used [0x00000000f7580000,0x00000000f7a7e550,0x00000000f7a80000)
  to   space 5120K, 0% used [0x00000000f7a80000,0x00000000f7a80000,0x00000000f7f80000)
 ParOldGen       total 86016K, used 970K [0x00000000e0000000, 0x00000000e5400000, 0x00000000f5580000)
  object space 86016K, 1% used [0x00000000e0000000,0x00000000e00f2980,0x00000000e5400000)
 Metaspace       used 14285K, capacity 14662K, committed 14848K, reserved 1062912K
  class space    used 1816K, capacity 1939K, committed 2048K, reserved 1048576K
Event: 1.865 GC heap after
Heap after GC invocations=2 (full 0):
 PSYoungGen      total 37888K, used 5110K [0x00000000f5580000, 0x00000000f7f80000, 0x0000000100000000)
  eden space 32768K, 0% used [0x00000000f5580000,0x00000000f5580000,0x00000000f7580000)
  from space 5120K, 99% used [0x00000000f7a80000,0x00000000f7f7d948,0x00000000f7f80000)
  to   space 5120K, 0% used [0x00000000f7580000,0x00000000f7580000,0x00000000f7a80000)
 ParOldGen       total 86016K, used 2564K [0x00000000e0000000, 0x00000000e5400000, 0x00000000f5580000)
  object space 86016K, 2% used [0x00000000e0000000,0x00000000e02811c8,0x00000000e5400000)
 Metaspace       used 14285K, capacity 14662K, committed 14848K, reserved 1062912K
  class space    used 1816K, capacity 1939K, committed 2048K, reserved 1048576K
}
Event: 2.330 GC heap before
{Heap before GC invocations=3 (full 0):
 PSYoungGen      total 37888K, used 37878K [0x00000000f5580000, 0x00000000f7f80000, 0x0000000100000000)
  eden space 32768K, 100% used [0x00000000f5580000,0x00000000f7580000,0x00000000f7580000)
  from space 5120K, 99% used [0x00000000f7a80000,0x00000000f7f7d948,0x00000000f7f80000)
  to   space 5120K, 0% used [0x00000000f7580000,0x00000000f7580000,0x00000000f7a80000)
 ParOldGen       total 86016K, used 2564K [0x00000000e0000000, 0x00000000e5400000, 0x00000000f5580000)
  object space 86016K, 2% used [0x00000000e0000000,0x00000000e02811c8,0x00000000e5400000)
 Metaspace       used 17417K, capacity 17848K, committed 18048K, reserved 1064960K
  class space    used 2259K, capacity 2392K, committed 2432K, reserved 1048576K
Event: 2.336 GC heap after
Heap after GC invocations=3 (full 0):
 PSYoungGen      total 37888K, used 5090K [0x00000000f5580000, 0x00000000f7f80000, 0x0000000100000000)
  eden space 32768K, 0% used [0x00000000f5580000,0x00000000f5580000,0x00000000f7580000)
  from space 5120K, 99% used [0x00000000f7580000,0x00000000f7a78a78,0x00000000f7a80000)
  to   space 5120K, 0% used [0x00000000f7a80000,0x00000000f7a80000,0x00000000f7f80000)
 ParOldGen       total 86016K, used 4213K [0x00000000e0000000, 0x00000000e5400000, 0x00000000f5580000)
  object space 86016K, 4% used [0x00000000e0000000,0x00000000e041d490,0x00000000e5400000)
 Metaspace       used 17417K, capacity 17848K, committed 18048K, reserved 1064960K
  class space    used 2259K, capacity 2392K, committed 2432K, reserved 1048576K
}
Event: 2.915 GC heap before
{Heap before GC invocations=4 (full 0):
 PSYoungGen      total 37888K, used 37594K [0x00000000f5580000, 0x00000000f7f80000, 0x0000000100000000)
  eden space 32768K, 99% used [0x00000000f5580000,0x00000000f753e0a0,0x00000000f7580000)
  from space 5120K, 99% used [0x00000000f7580000,0x00000000f7a78a78,0x00000000f7a80000)
  to   space 5120K, 0% used [0x00000000f7a80000,0x00000000f7a80000,0x00000000f7f80000)
 ParOldGen       total 86016K, used 4213K [0x00000000e0000000, 0x00000000e5400000, 0x00000000f5580000)
  object space 86016K, 4% used [0x00000000e0000000,0x00000000e041d490,0x00000000e5400000)
 Metaspace       used 20671K, capacity 21210K, committed 21296K, reserved 1067008K
  class space    used 2723K, capacity 2897K, committed 2944K, reserved 1048576K
Event: 2.924 GC heap after
Heap after GC invocations=4 (full 0):
 PSYoungGen      total 37888K, used 5111K [0x00000000f5580000, 0x00000000f7f80000, 0x0000000100000000)
  eden space 32768K, 0% used [0x00000000f5580000,0x00000000f5580000,0x00000000f7580000)
  from space 5120K, 99% used [0x00000000f7a80000,0x00000000f7f7dcb0,0x00000000f7f80000)
  to   space 5120K, 0% used [0x00000000f7580000,0x00000000f7580000,0x00000000f7a80000)
 ParOldGen       total 86016K, used 6640K [0x00000000e0000000, 0x00000000e5400000, 0x00000000f5580000)
  object space 86016K, 7% used [0x00000000e0000000,0x00000000e067c0f0,0x00000000e5400000)
 Metaspace       used 20671K, capacity 21210K, committed 21296K, reserved 1067008K
  class space    used 2723K, capacity 2897K, committed 2944K, reserved 1048576K
}
Event: 2.924 GC heap before
{Heap before GC invocations=5 (full 1):
 PSYoungGen      total 37888K, used 5111K [0x00000000f5580000, 0x00000000f7f80000, 0x0000000100000000)
  eden space 32768K, 0% used [0x00000000f5580000,0x00000000f5580000,0x00000000f7580000)
  from space 5120K, 99% used [0x00000000f7a80000,0x00000000f7f7dcb0,0x00000000f7f80000)
  to   space 5120K, 0% used [0x00000000f7580000,0x00000000f7580000,0x00000000f7a80000)
 ParOldGen       total 86016K, used 6640K [0x00000000e0000000, 0x00000000e5400000, 0x00000000f5580000)
  object space 86016K, 7% used [0x00000000e0000000,0x00000000e067c0f0,0x00000000e5400000)
 Metaspace       used 20671K, capacity 21210K, committed 21296K, reserved 1067008K
  class space    used 2723K, capacity 2897K, committed 2944K, reserved 1048576K
Event: 2.958 GC heap after
Heap after GC invocations=5 (full 1):
 PSYoungGen      total 37888K, used 0K [0x00000000f5580000, 0x00000000f7f80000, 0x0000000100000000)
  eden space 32768K, 0% used [0x00000000f5580000,0x00000000f5580000,0x00000000f7580000)
  from space 5120K, 0% used [0x00000000f7a80000,0x00000000f7a80000,0x00000000f7f80000)
  to   space 5120K, 0% used [0x00000000f7580000,0x00000000f7580000,0x00000000f7a80000)
 ParOldGen       total 58880K, used 7341K [0x00000000e0000000, 0x00000000e3980000, 0x00000000f5580000)
  object space 58880K, 12% used [0x00000000e0000000,0x00000000e072b638,0x00000000e3980000)
 Metaspace       used 20671K, capacity 21210K, committed 21296K, reserved 1067008K
  class space    used 2723K, capacity 2897K, committed 2944K, reserved 1048576K
}
Event: 3.459 GC heap before
{Heap before GC invocations=6 (full 1):
 PSYoungGen      total 37888K, used 32768K [0x00000000f5580000, 0x00000000f7f80000, 0x0000000100000000)
  eden space 32768K, 100% used [0x00000000f5580000,0x00000000f7580000,0x00000000f7580000)
  from space 5120K, 0% used [0x00000000f7a80000,0x00000000f7a80000,0x00000000f7f80000)
  to   space 5120K, 0% used [0x00000000f7580000,0x00000000f7580000,0x00000000f7a80000)
 ParOldGen       total 58880K, used 7341K [0x00000000e0000000, 0x00000000e3980000, 0x00000000f5580000)
  object space 58880K, 12% used [0x00000000e0000000,0x00000000e072b638,0x00000000e3980000)
 Metaspace       used 23615K, capacity 24160K, committed 24320K, reserved 1071104K
  class space    used 3305K, capacity 3474K, committed 3584K, reserved 1048576K
Event: 3.463 GC heap after
Heap after GC invocations=6 (full 1):
 PSYoungGen      total 37888K, used 3645K [0x00000000f5580000, 0x00000000f9680000, 0x0000000100000000)
  eden space 32768K, 0% used [0x00000000f5580000,0x00000000f5580000,0x00000000f7580000)
  from space 5120K, 71% used [0x00000000f7580000,0x00000000f790f7c8,0x00000000f7a80000)
  to   space 8704K, 0% used [0x00000000f8e00000,0x00000000f8e00000,0x00000000f9680000)
 ParOldGen       total 58880K, used 7349K [0x00000000e0000000, 0x00000000e3980000, 0x00000000f5580000)
  object space 58880K, 12% used [0x00000000e0000000,0x00000000e072d638,0x00000000e3980000)
 Metaspace       used 23615K, capacity 24160K, committed 24320K, reserved 1071104K
  class space    used 3305K, capacity 3474K, committed 3584K, reserved 1048576K
}

